<?xml version="1.0" encoding="UTF-8"?>
<testng-results skipped="0" failed="0" ignored="0" total="3" passed="3">
  <reporter-output>
  </reporter-output>
  <suite name="Default suite" duration-ms="58926" started-at="2020-06-02T10:03:41 EDT" finished-at="2020-06-02T10:04:40 EDT">
    <groups>
    </groups>
    <test name="Default test" duration-ms="58926" started-at="2020-06-02T10:03:41 EDT" finished-at="2020-06-02T10:04:40 EDT">
      <class name="Report.execution">
        <test-method status="PASS" signature="reporting()[pri:0, instance:Report.execution@51e2adc7]" name="reporting" is-config="true" duration-ms="187" started-at="2020-06-02T10:03:41 EDT" finished-at="2020-06-02T10:03:41 EDT">
          <reporter-output>
          </reporter-output>
        </test-method> <!-- reporting -->
        <test-method status="PASS" signature="mukul(java.lang.String, java.lang.String, java.lang.String, java.lang.String, java.lang.String, java.lang.String, java.lang.String)[pri:0, instance:Report.execution@51e2adc7]" name="mukul" duration-ms="22145" started-at="2020-06-02T10:03:41 EDT" data-provider="getdata" finished-at="2020-06-02T10:04:03 EDT">
          <params>
            <param index="0">
              <value>
                <![CDATA[DINAR]]>
              </value>
            </param>
            <param index="1">
              <value>
                <![CDATA[PASA]]>
              </value>
            </param>
            <param index="2">
              <value>
                <![CDATA[987655432]]>
              </value>
            </param>
            <param index="3">
              <value>
                <![CDATA[thimhu87]]>
              </value>
            </param>
            <param index="4">
              <value>
                <![CDATA[Jun]]>
              </value>
            </param>
            <param index="5">
              <value>
                <![CDATA[20]]>
              </value>
            </param>
            <param index="6">
              <value>
                <![CDATA[1988]]>
              </value>
            </param>
          </params>
          <reporter-output>
          </reporter-output>
        </test-method> <!-- mukul -->
        <test-method status="PASS" signature="mukul(java.lang.String, java.lang.String, java.lang.String, java.lang.String, java.lang.String, java.lang.String, java.lang.String)[pri:0, instance:Report.execution@51e2adc7]" name="mukul" duration-ms="18531" started-at="2020-06-02T10:04:03 EDT" data-provider="getdata" finished-at="2020-06-02T10:04:22 EDT">
          <params>
            <param index="0">
              <value>
                <![CDATA[MINAR]]>
              </value>
            </param>
            <param index="1">
              <value>
                <![CDATA[KASA]]>
              </value>
            </param>
            <param index="2">
              <value>
                <![CDATA[123456789]]>
              </value>
            </param>
            <param index="3">
              <value>
                <![CDATA[thimhu98]]>
              </value>
            </param>
            <param index="4">
              <value>
                <![CDATA[Apr]]>
              </value>
            </param>
            <param index="5">
              <value>
                <![CDATA[21]]>
              </value>
            </param>
            <param index="6">
              <value>
                <![CDATA[1975]]>
              </value>
            </param>
          </params>
          <reporter-output>
          </reporter-output>
        </test-method> <!-- mukul -->
        <test-method status="PASS" signature="yahoo()[pri:0, instance:Report.execution@51e2adc7]" name="yahoo" duration-ms="17995" started-at="2020-06-02T10:04:22 EDT" finished-at="2020-06-02T10:04:40 EDT">
          <reporter-output>
          </reporter-output>
        </test-method> <!-- yahoo -->
      </class> <!-- Report.execution -->
    </test> <!-- Default test -->
  </suite> <!-- Default suite -->
</testng-results>
